2018-11-09 13:34:43.403 [main] INFO  t.w.thankspring.AdminApplication - Starting AdminApplication on zhqy with PID 14260 (D:\my_workspace\thankspring\thankspring-admin\target\classes started by 22838 in D:\my_workspace\thankspring)
2018-11-09 13:34:43.405 [main] INFO  t.w.thankspring.AdminApplication - No active profile set, falling back to default profiles: default
2018-11-09 13:34:43.995 [main] INFO  o.s.d.r.c.RepositoryConfigurationDelegate - Multiple Spring Data modules found, entering strict repository configuration mode!
2018-11-09 13:34:43.997 [main] INFO  o.s.d.r.c.RepositoryConfigurationDelegate - Bootstrapping Spring Data repositories in DEFAULT mode.
2018-11-09 13:34:44.016 [main] INFO  o.s.d.r.c.RepositoryConfigurationDelegate - Finished Spring Data repository scanning in 7ms. Found 0 repository interfaces.
2018-11-09 13:34:44.260 [main] INFO  o.s.c.s.PostProcessorRegistrationDelegate$BeanPostProcessorChecker - Bean 'org.springframework.transaction.annotation.ProxyTransactionManagementConfiguration' of type [org.springframework.transaction.annotation.ProxyTransactionManagementConfiguration$$EnhancerBySpringCGLIB$$49ce2e14] is not eligible for getting processed by all BeanPostProcessors (for example: not eligible for auto-proxying)
2018-11-09 13:34:44.551 [main] INFO  o.s.b.w.e.tomcat.TomcatWebServer - Tomcat initialized with port(s): 80 (http)
2018-11-09 13:34:44.560 [main] INFO  o.a.coyote.http11.Http11NioProtocol - Initializing ProtocolHandler ["http-nio-80"]
2018-11-09 13:34:44.563 [main] INFO  o.a.catalina.core.StandardService - Starting service [Tomcat]
2018-11-09 13:34:44.564 [main] INFO  o.a.catalina.core.StandardEngine - Starting Servlet Engine: Apache Tomcat/9.0.12
2018-11-09 13:34:44.568 [main] INFO  o.a.c.core.AprLifecycleListener - The APR based Apache Tomcat Native library which allows optimal performance in production environments was not found on the java.library.path: [D:\study\install\Java\jdk1.8.0_73\bin;C:\WINDOWS\Sun\Java\bin;C:\WINDOWS\system32;C:\WINDOWS;C:\Windows\system32;C:\Windows;C:\Windows\System32\Wbem;C:\Windows\System32\WindowsPowerShell\v1.0\;C:\Program Files (x86)\NVIDIA Corporation\PhysX\Common;C:\WINDOWS\system32;C:\WINDOWS;C:\WINDOWS\System32\Wbem;C:\WINDOWS\System32\WindowsPowerShell\v1.0\;D:\study\install\Java\jdk1.8.0_73\bin;D:\study\install\MinGW\bin;D:\study\install\nvm;D:\study\install\nvm\npm;D:\study\install\nodejs;D:\study\install\apache-ant-1.10.1\bin;D:\study\install\apache-maven-3.3.9\bin;C:\Program Files (x86)\Windows Kits\10\Windows Performance Toolkit\;D:\study\install\CMake\bin;C:\Program Files\MySQL\MySQL Server 5.5\bin;C:\Program Files\Git\cmd;D:\study\install\nodejs\;C:\Users\22838\AppData\Local\Microsoft\WindowsApps;C:\Users\22838\AppData\Roaming\npm;.]
2018-11-09 13:34:44.684 [main] INFO  o.a.c.c.C.[Tomcat].[localhost].[/] - Initializing Spring embedded WebApplicationContext
2018-11-09 13:34:44.684 [main] INFO  o.s.web.context.ContextLoader - Root WebApplicationContext: initialization completed in 1234 ms
2018-11-09 13:34:44.719 [main] INFO  o.s.b.w.s.ServletRegistrationBean - Servlet dispatcherServlet mapped to [/]
2018-11-09 13:34:44.720 [main] INFO  o.s.b.w.s.ServletRegistrationBean - Servlet statViewServlet mapped to [/druid/*]
2018-11-09 13:34:44.722 [main] INFO  o.s.b.w.s.FilterRegistrationBean - Mapping filter: 'characterEncodingFilter' to: [/*]
2018-11-09 13:34:44.722 [main] INFO  o.s.b.w.s.FilterRegistrationBean - Mapping filter: 'hiddenHttpMethodFilter' to: [/*]
2018-11-09 13:34:44.723 [main] INFO  o.s.b.w.s.FilterRegistrationBean - Mapping filter: 'formContentFilter' to: [/*]
2018-11-09 13:34:44.723 [main] INFO  o.s.b.w.s.FilterRegistrationBean - Mapping filter: 'requestContextFilter' to: [/*]
2018-11-09 13:34:44.723 [main] INFO  o.s.b.w.s.FilterRegistrationBean - Mapping filter: 'webStatFilter' to urls: [/*]
2018-11-09 13:34:44.769 [main] INFO  c.a.d.s.b.a.DruidDataSourceAutoConfigure - Init DruidDataSource
2018-11-09 13:34:45.054 [main] INFO  c.alibaba.druid.pool.DruidDataSource - {dataSource-1} inited
2018-11-09 13:34:45.427 [main] INFO  s.d.s.w.PropertySourcedRequestMappingHandlerMapping - Mapped URL path [/v2/api-docs] onto method [public org.springframework.http.ResponseEntity<springfox.documentation.spring.web.json.Json> springfox.documentation.swagger2.web.Swagger2Controller.getDocumentation(java.lang.String,javax.servlet.http.HttpServletRequest)]
2018-11-09 13:34:45.562 [main] INFO  o.s.s.c.ThreadPoolTaskExecutor - Initializing ExecutorService 'applicationTaskExecutor'
2018-11-09 13:34:46.014 [main] INFO  s.d.s.w.p.DocumentationPluginsBootstrapper - Context refreshed
2018-11-09 13:34:46.024 [main] INFO  s.d.s.w.p.DocumentationPluginsBootstrapper - Found 1 custom documentation plugin(s)
2018-11-09 13:34:46.041 [main] INFO  s.d.s.w.s.ApiListingReferenceScanner - Scanning for api listing references
2018-11-09 13:34:46.052 [main] INFO  o.a.coyote.http11.Http11NioProtocol - Starting ProtocolHandler ["http-nio-80"]
2018-11-09 13:34:46.060 [main] INFO  o.a.tomcat.util.net.NioSelectorPool - Using a shared selector for servlet write/read
2018-11-09 13:34:46.070 [main] INFO  o.s.b.w.e.tomcat.TomcatWebServer - Tomcat started on port(s): 80 (http) with context path ''
2018-11-09 13:34:46.072 [main] INFO  t.w.thankspring.AdminApplication - Started AdminApplication in 3.05 seconds (JVM running for 4.185)
2018-11-09 13:35:30.549 [http-nio-80-exec-1] INFO  o.a.tomcat.util.http.parser.Cookie - A cookie header was received [1521078469,1521162658; _ga=GA1.1.279437495.1531370227; Huiskin=default; Idea-264bf872=e98de057-d53f-462d-ae14-a2182ee38617; JSESSIONID=FDA8A8A325DB1CB8424DD06E6214FFA2] that contained an invalid cookie. That cookie will be ignored.Note: further occurrences of this error will be logged at DEBUG level.
